<?xml version="1.0" encoding="UTF-8"?>
<testng-results skipped="0" failed="1" ignored="0" total="3" passed="2">
  <reporter-output>
  </reporter-output>
  <suite name="Default suite" duration-ms="13077" started-at="2022-07-06T02:30:51Z" finished-at="2022-07-06T02:31:04Z">
    <groups>
    </groups>
    <test name="Default test" duration-ms="13077" started-at="2022-07-06T02:30:51Z" finished-at="2022-07-06T02:31:04Z">
      <class name="test.RegistrationPageTestClass">
        <test-method status="PASS" signature="setup()[pri:0, instance:test.RegistrationPageTestClass@43301423]" name="setup" is-config="true" duration-ms="7831" started-at="2022-07-06T02:30:51Z" finished-at="2022-07-06T02:30:59Z">
          <reporter-output>
          </reporter-output>
        </test-method> <!-- setup -->
        <test-method status="FAIL" signature="clickOnRegister()[pri:0, instance:test.RegistrationPageTestClass@43301423]" name="clickOnRegister" duration-ms="27" started-at="2022-07-06T02:30:59Z" finished-at="2022-07-06T02:30:59Z">
          <exception class="java.lang.NullPointerException">
            <full-stacktrace>
              <![CDATA[java.lang.NullPointerException
at utilities.BaseClass.clickOnElement(BaseClass.java:31)
at Pages.RegistrationPage.clickOnRegisterOnHomePage(RegistrationPage.java:43)
at test.RegistrationPageTestClass.clickOnRegister(RegistrationPageTestClass.java:43)
at sun.reflect.NativeMethodAccessorImpl.invoke0(Native Method)
at sun.reflect.NativeMethodAccessorImpl.invoke(Unknown Source)
at sun.reflect.DelegatingMethodAccessorImpl.invoke(Unknown Source)
at java.lang.reflect.Method.invoke(Unknown Source)
at org.testng.internal.MethodInvocationHelper.invokeMethod(MethodInvocationHelper.java:124)
at org.testng.internal.Invoker.invokeMethod(Invoker.java:583)
at org.testng.internal.Invoker.invokeTestMethod(Invoker.java:719)
at org.testng.internal.Invoker.invokeTestMethods(Invoker.java:989)
at org.testng.internal.TestMethodWorker.invokeTestMethods(TestMethodWorker.java:125)
at org.testng.internal.TestMethodWorker.run(TestMethodWorker.java:109)
at org.testng.TestRunner.privateRun(TestRunner.java:648)
at org.testng.TestRunner.run(TestRunner.java:505)
at org.testng.SuiteRunner.runTest(SuiteRunner.java:455)
at org.testng.SuiteRunner.runSequentially(SuiteRunner.java:450)
at org.testng.SuiteRunner.privateRun(SuiteRunner.java:415)
at org.testng.SuiteRunner.run(SuiteRunner.java:364)
at org.testng.SuiteRunnerWorker.runSuite(SuiteRunnerWorker.java:52)
at org.testng.SuiteRunnerWorker.run(SuiteRunnerWorker.java:84)
at org.testng.TestNG.runSuitesSequentially(TestNG.java:1208)
at org.testng.TestNG.runSuitesLocally(TestNG.java:1137)
at org.testng.TestNG.runSuites(TestNG.java:1049)
at org.testng.TestNG.run(TestNG.java:1017)
at org.testng.remote.AbstractRemoteTestNG.run(AbstractRemoteTestNG.java:115)
at org.testng.remote.RemoteTestNG.initAndRun(RemoteTestNG.java:251)
at org.testng.remote.RemoteTestNG.main(RemoteTestNG.java:77)
]]>
            </full-stacktrace>
          </exception> <!-- java.lang.NullPointerException -->
          <reporter-output>
          </reporter-output>
        </test-method> <!-- clickOnRegister -->
        <test-method status="PASS" signature="verifyThatTheUserIsOnRegistrationPage()[pri:1, instance:test.RegistrationPageTestClass@43301423]" name="verifyThatTheUserIsOnRegistrationPage" duration-ms="9" started-at="2022-07-06T02:30:59Z" finished-at="2022-07-06T02:30:59Z">
          <reporter-output>
          </reporter-output>
        </test-method> <!-- verifyThatTheUserIsOnRegistrationPage -->
        <test-method status="PASS" signature="enterUserDetails()[pri:2, instance:test.RegistrationPageTestClass@43301423]" name="enterUserDetails" duration-ms="5184" started-at="2022-07-06T02:30:59Z" finished-at="2022-07-06T02:31:04Z">
          <reporter-output>
          </reporter-output>
        </test-method> <!-- enterUserDetails -->
      </class> <!-- test.RegistrationPageTestClass -->
    </test> <!-- Default test -->
  </suite> <!-- Default suite -->
</testng-results>
